Loading model...
Model loaded.

Total images found: 331

100.png,CRACK
101.png,CRACK
102.png,BRIDGE
103.png,LER
104.png,CRACK
105.png,OTHERS
106.png,PARTICLE
107.png,CLEAN_CRACK
108.png,OTHERS
109.png,CRACK
110.png,CLEAN_CRACK
111.png,LER
113.png,CMP
114.png,CLEAN_LAYER
115.png,CLEAN_VIA
116.png,BRIDGE
117.png,BRIDGE
119.png,CLEAN_VIA
121.png,CMP
122.png,BRIDGE
124.png,BRIDGE
125.png,CLEAN_LAYER
127.png,CLEAN_LAYER
128.png,OPEN
129.png,OTHERS
130.png,LER
131.png,VIA
132.png,OPEN
133.png,OPEN
134.png,LER
135.png,LER
136.png,OTHERS
138.png,OTHERS
140.png,OTHERS
141.png,BRIDGE
142.png,PARTICLE
143.png,LER
144.png,OTHERS
145.png,CLEAN_VIA
147.png,VIA
148.png,CLEAN_VIA
150.png,CLEAN_LAYER
151.png,VIA
152.png,BRIDGE
153.png,CRACK
154.png,OTHERS
155.png,PARTICLE
157.png,LER
158.png,CLEAN_CRACK
160.png,CRACK
161.png,CMP
162.png,OPEN
163.png,BRIDGE
165.png,CMP
166.png,CLEAN_VIA
168.png,BRIDGE
169.png,PARTICLE
170.png,BRIDGE
171.png,CLEAN_VIA
172.png,CRACK
173.png,BRIDGE
174.png,OTHERS
175.png,CRACK
176.png,LER
177.png,CMP
178.png,CLEAN_LAYER
179.png,OTHERS
180.png,OTHERS
181.png,CMP
182.png,CRACK
183.png,OTHERS
185.png,LER
187.png,VIA
188.png,VIA
190.png,OTHERS
191.png,CMP
192.png,CLEAN_CRACK
193.png,CRACK
195.png,CLEAN_LAYER
196.png,CMP
197.png,CRACK
198.png,OTHERS
199.png,VIA
202.png,LER
203.png,OPEN
204.png,BRIDGE
207.png,OTHERS
208.png,BRIDGE
209.png,OTHERS
210.png,VIA
211.png,OPEN
212.png,CLEAN_LAYER
213.png,CRACK
215.png,OTHERS
216.png,CRACK
217.png,OTHERS
218.png,BRIDGE
219.png,BRIDGE
220.png,PARTICLE
221.png,CLEAN_VIA
222.png,PARTICLE
223.png,PARTICLE
224.png,OTHERS
225.png,LER
227.png,OTHERS
229.png,LER
230.png,CRACK
233.png,LER
234.png,BRIDGE
235.png,CRACK
236.png,LER
238.png,BRIDGE
239.png,BRIDGE
239_1.png,OPEN
241.png,OPEN
242.png,PARTICLE
243.png,OPEN
244.png,CMP
245.png,OTHERS
247.png,OTHERS
248.png,OPEN
249.png,CRACK
250.png,CLEAN_LAYER
251.png,CMP
252.png,BRIDGE
253.png,CLEAN_VIA
254.png,CRACK
255.png,CLEAN_LAYER
256.png,CLEAN_LAYER
257.png,VIA
258.png,OTHERS
259.png,BRIDGE
260.png,CLEAN_CRACK
262.png,CRACK
263.png,CMP
265.png,CRACK
266.png,VIA
267.png,VIA
268.png,OPEN
269.png,VIA
270.png,CMP
271.png,CRACK
272.png,CMP
273.png,BRIDGE
274.png,PARTICLE
275.png,CMP
278.png,LER
280.png,PARTICLE
282.png,CRACK
283.png,OTHERS
285.png,OTHERS
286.png,BRIDGE
287.png,LER
288.png,CLEAN_LAYER
289.png,CMP
290.png,CLEAN_LAYER
291.png,VIA
293.png,CLEAN_LAYER
294.png,CLEAN_CRACK
295.png,CMP
296.png,OPEN
297.png,OPEN
300.png,CMP
301.png,CLEAN_CRACK
302.png,CLEAN_VIA
304.png,CLEAN_CRACK
305.png,CLEAN_VIA
306.png,OPEN
307.png,CRACK
308.png,CMP
309.png,LER
310.png,CLEAN_LAYER
311.png,CLEAN_LAYER
312.png,CLEAN_LAYER
313.png,PARTICLE
314.png,OPEN
315.png,CLEAN_VIA
317.png,VIA
319.png,CLEAN_VIA
320.png,PARTICLE
322.png,CLEAN_LAYER
324.png,CLEAN_LAYER
325.png,CRACK
326.png,BRIDGE
327.png,VIA
328.png,CRACK
329.png,LER
331.png,LER
332.png,VIA
334.png,CRACK
335.png,BRIDGE
336.png,OTHERS
337.png,LER
338.png,OPEN
339.png,OPEN
341.png,CLEAN_CRACK
342.png,LER
343.png,CLEAN_CRACK
345.png,BRIDGE
347.png,PARTICLE
348.png,OTHERS
349.png,LER
350.png,OTHERS
351.png,PARTICLE
352.png,VIA
353.png,OPEN
354.png,CMP
355.png,BRIDGE
356.png,VIA
357.png,OTHERS
358.png,VIA
359.png,CLEAN_VIA
360.png,BRIDGE
361.png,BRIDGE
362.png,OPEN
365.png,BRIDGE
366.png,CRACK
367.png,VIA
369.png,VIA
370.png,CRACK
372.png,CMP
373.png,OTHERS
375.png,CLEAN_LAYER
376.png,VIA
377.png,OPEN
378.png,OTHERS
379.png,OTHERS
380.png,OPEN
381.png,LER
382.png,CRACK
383.png,CLEAN_VIA
384.png,CRACK
385.png,BRIDGE
386.png,OTHERS
387.png,CRACK
388.png,PARTICLE
389.png,CRACK
390.png,BRIDGE
391.png,PARTICLE
392.png,OTHERS
393.png,OPEN
396.png,CRACK
397.png,CRACK
398.png,BRIDGE
399.png,BRIDGE
400.png,LER
402.png,BRIDGE
403.png,CLEAN_VIA
404.png,LER
405.png,OPEN
406.png,CRACK
407.png,CLEAN_LAYER
408.png,OTHERS
409.png,CLEAN_LAYER
410.png,CMP
412.png,CMP
415.png,CMP
416.png,CLEAN_LAYER
417.png,LER
418.png,PARTICLE
419.png,LER
420.png,CRACK
422.png,LER
423.png,OTHERS
424.png,OPEN
425.png,OTHERS
426.png,CLEAN_CRACK
427.png,CLEAN_VIA
428.png,VIA
430.png,LER
431.png,BRIDGE
432.png,OTHERS
433.png,CRACK
434.png,CLEAN_CRACK
435.png,BRIDGE
436.png,VIA
438.png,PARTICLE
439.png,CLEAN_VIA
440.png,OTHERS
441.png,CMP
442.png,CMP
443.png,BRIDGE
444.png,CMP
445.png,LER
446.png,LER
447.png,VIA
448.png,CMP
449.png,CLEAN_LAYER
450.png,CRACK
452.png,BRIDGE
454.png,VIA
455.png,BRIDGE
456.png,OPEN
457.png,OTHERS
458.png,LER
459.png,CLEAN_LAYER
460.png,LER
461.png,CLEAN_LAYER
462.png,LER
463.png,OPEN
464.png,OTHERS
465.png,CRACK
466.png,OPEN
467.png,VIA
468.png,CLEAN_VIA
469.png,CMP
470.png,VIA
471.png,CRACK
472.png,LER
473.png,CLEAN_LAYER
475.png,CRACK
476.png,BRIDGE
477.png,CLEAN_LAYER
479.png,CLEAN_LAYER
480.png,OPEN
481.png,CLEAN_LAYER
483.png,OTHERS
485.png,OPEN
487.png,PARTICLE
488.png,CRACK
489.png,BRIDGE
490.png,CLEAN_LAYER
491.png,CLEAN_VIA
492.png,CMP
493.png,CLEAN_VIA
494.png,CMP
495.png,PARTICLE
496.png,PARTICLE
497.png,BRIDGE
498.png,PARTICLE
500.png,CLEAN_VIA

Prediction complete.
